<?xml version="1.0" encoding="UTF-8"?>
<!-- Generated by org.testng.reporters.JUnitXMLReporter -->
<testsuite ignored="3" hostname="Eliza" failures="2" tests="4" name="groupTest" time="13.555" errors="0" timestamp="2025-04-01T10:57:09 IST">
  <testcase classname="testscript.LoginPageTest" name="verifyUsercanLoginwithWrongUsernameandCorrectpwd" time="1.428">
    <skipped/>
  </testcase> <!-- verifyUsercanLoginwithWrongUsernameandCorrectpwd -->
  <testcase classname="testscript.LoginPageTest" name="verifyUsercanLoginwithWrongUsernameandCorrectpwd" time="0.743">
    <skipped/>
  </testcase> <!-- verifyUsercanLoginwithWrongUsernameandCorrectpwd -->
  <testcase classname="testscript.LoginPageTest" name="verifyUsercanLoginwithWrongUsernameandCorrectpwd" time="0.691">
    <failure type="java.lang.AssertionError" message="Dashboard is not loaded expected [Login | 7rmart supermarket] but found [Dashboard | 7rmart supermarket]">
      <![CDATA[java.lang.AssertionError: Dashboard is not loaded expected [Login | 7rmart supermarket] but found [Dashboard | 7rmart supermarket]
at testscript.LoginPageTest.verifyUsercanLoginwithWrongUsernameandCorrectpwd(LoginPageTest.java:55)
at java.base/java.util.ArrayList.forEach(ArrayList.java:1596)
... Removed 30 stack frames]]>
    </failure>
  </testcase> <!-- verifyUsercanLoginwithWrongUsernameandCorrectpwd -->
  <testcase classname="testscript.LoginPageTest" name="verifyUsercanLoginwithWrongUsernameandWrongpwd" time="1.0">
    <failure type="java.lang.AssertionError" message="Dashboard is not loaded expected [Login | 7rmart supermarket] but found [Dashboard | 7rmart supermarket]">
      <![CDATA[java.lang.AssertionError: Dashboard is not loaded expected [Login | 7rmart supermarket] but found [Dashboard | 7rmart supermarket]
at testscript.LoginPageTest.verifyUsercanLoginwithWrongUsernameandWrongpwd(LoginPageTest.java:69)
at java.base/java.util.ArrayList.forEach(ArrayList.java:1596)
... Removed 30 stack frames]]>
    </failure>
  </testcase> <!-- verifyUsercanLoginwithWrongUsernameandWrongpwd -->
  <testcase classname="testscript.LoginPageTest" name="verifyUsercanLoginwithCorrectUsernameandIncorrectpwd" time="0.0">
    <ignored/>
  </testcase> <!-- verifyUsercanLoginwithCorrectUsernameandIncorrectpwd -->
  <testcase classname="testscript.LoginPageTest" name="verifyUserLogin" time="0.0">
    <ignored/>
  </testcase> <!-- verifyUserLogin -->
  <testcase classname="testscript.Base" name="beforeMethod" time="0.0">
    <ignored/>
  </testcase> <!-- beforeMethod -->
</testsuite> <!-- groupTest -->
